# JRE version: Java(TM) SE Runtime Environment (8.0_171-b11) (build 1.8.0_171-b11)
# Java VM: Java HotSpot(TM) Client VM (25.171-b11 mixed mode windows-x86 )
Heap:
 def new generation   total 39424K, used 33625K [0x03e00000, 0x068c0000, 0x0e8a0000)
  eden space 35072K,  95% used [0x03e00000, 0x05ea2490, 0x06040000)
  from space 4352K,   4% used [0x06040000, 0x06074350, 0x06480000)
  to   space 4352K,   0% used [0x06480000, 0x06480000, 0x068c0000)
 tenured generation   total 87424K, used 45408K [0x0e8a0000, 0x13e00000, 0x23e00000)
   the space 87424K,  51% used [0x0e8a0000, 0x114f83c8, 0x114f8400, 0x13e00000)
 Metaspace       used 19228K, capacity 19829K, committed 19840K, reserved 19840K
GC Heap History (10 events):
Event: 14145.479 GC heap before
{Heap before GC invocations=454 (full 1):
 def new generation   total 39424K, used 35134K [0x03e00000, 0x068c0000, 0x0e8a0000)
  eden space 35072K, 100% used [0x03e00000, 0x06040000, 0x06040000)
  from space 4352K,   1% used [0x06480000, 0x0648fbc0, 0x068c0000)
  to   space 4352K,   0% used [0x06040000, 0x06040000, 0x06480000)
 tenured generation   total 87424K, used 45397K [0x0e8a0000, 0x13e00000, 0x23e00000)
   the space 87424K,  51% used [0x0e8a0000, 0x114f5728, 0x114f5800, 0x13e00000)
 Metaspace       used 19221K, capacity 19797K, committed 19840K, reserved 19840K
Event: 14145.483 GC heap after
Heap after GC invocations=455 (full 1):
 def new generation   total 39424K, used 69K [0x03e00000, 0x068c0000, 0x0e8a0000)
  eden space 35072K,   0% used [0x03e00000, 0x03e00000, 0x06040000)
  from space 4352K,   1% used [0x06040000, 0x060515d8, 0x06480000)
  to   space 4352K,   0% used [0x06480000, 0x06480000, 0x068c0000)
 tenured generation   total 87424K, used 45400K [0x0e8a0000, 0x13e00000, 0x23e00000)
   the space 87424K,  51% used [0x0e8a0000, 0x114f61a8, 0x114f6200, 0x13e00000)
 Metaspace       used 19221K, capacity 19797K, committed 19840K, reserved 19840K
}
Event: 14163.902 GC heap before
{Heap before GC invocations=455 (full 1):
 def new generation   total 39424K, used 35141K [0x03e00000, 0x068c0000, 0x0e8a0000)
  eden space 35072K, 100% used [0x03e00000, 0x06040000, 0x06040000)
  from space 4352K,   1% used [0x06040000, 0x060515d8, 0x06480000)
  to   space 4352K,   0% used [0x06480000, 0x06480000, 0x068c0000)
 tenured generation   total 87424K, used 45400K [0x0e8a0000, 0x13e00000, 0x23e00000)
   the space 87424K,  51% used [0x0e8a0000, 0x114f61a8, 0x114f6200, 0x13e00000)
 Metaspace       used 19221K, capacity 19797K, committed 19840K, reserved 19840K
Event: 14163.908 GC heap after
Heap after GC invocations=456 (full 1):
 def new generation   total 39424K, used 206K [0x03e00000, 0x068c0000, 0x0e8a0000)
  eden space 35072K,   0% used [0x03e00000, 0x03e00000, 0x06040000)
  from space 4352K,   4% used [0x06480000, 0x064b3a10, 0x068c0000)
  to   space 4352K,   0% used [0x06040000, 0x06040000, 0x06480000)
 tenured generation   total 87424K, used 45402K [0x0e8a0000, 0x13e00000, 0x23e00000)
   the space 87424K,  51% used [0x0e8a0000, 0x114f6988, 0x114f6a00, 0x13e00000)
 Metaspace       used 19221K, capacity 19797K, committed 19840K, reserved 19840K
}
Event: 14181.261 GC heap before
{Heap before GC invocations=456 (full 1):
 def new generation   total 39424K, used 35278K [0x03e00000, 0x068c0000, 0x0e8a0000)
  eden space 35072K, 100% used [0x03e00000, 0x06040000, 0x06040000)
  from space 4352K,   4% used [0x06480000, 0x064b3a10, 0x068c0000)
  to   space 4352K,   0% used [0x06040000, 0x06040000, 0x06480000)
 tenured generation   total 87424K, used 45402K [0x0e8a0000, 0x13e00000, 0x23e00000)
   the space 87424K,  51% used [0x0e8a0000, 0x114f6988, 0x114f6a00, 0x13e00000)
 Metaspace       used 19221K, capacity 19797K, committed 19840K, reserved 19840K
Event: 14181.266 GC heap after
Heap after GC invocations=457 (full 1):
 def new generation   total 39424K, used 206K [0x03e00000, 0x068c0000, 0x0e8a0000)
  eden space 35072K,   0% used [0x03e00000, 0x03e00000, 0x06040000)
  from space 4352K,   4% used [0x06040000, 0x06073ac0, 0x06480000)
  to   space 4352K,   0% used [0x06480000, 0x06480000, 0x068c0000)
 tenured generation   total 87424K, used 45404K [0x0e8a0000, 0x13e00000, 0x23e00000)
   the space 87424K,  51% used [0x0e8a0000, 0x114f7168, 0x114f7200, 0x13e00000)
 Metaspace       used 19221K, capacity 19797K, committed 19840K, reserved 19840K
}
Event: 14198.438 GC heap before
{Heap before GC invocations=457 (full 1):
 def new generation   total 39424K, used 35278K [0x03e00000, 0x068c0000, 0x0e8a0000)
  eden space 35072K, 100% used [0x03e00000, 0x06040000, 0x06040000)
  from space 4352K,   4% used [0x06040000, 0x06073ac0, 0x06480000)
  to   space 4352K,   0% used [0x06480000, 0x06480000, 0x068c0000)
 tenured generation   total 87424K, used 45404K [0x0e8a0000, 0x13e00000, 0x23e00000)
   the space 87424K,  51% used [0x0e8a0000, 0x114f7168, 0x114f7200, 0x13e00000)
 Metaspace       used 19221K, capacity 19797K, committed 19840K, reserved 19840K
Event: 14198.441 GC heap after
Heap after GC invocations=458 (full 1):
 def new generation   total 39424K, used 208K [0x03e00000, 0x068c0000, 0x0e8a0000)
  eden space 35072K,   0% used [0x03e00000, 0x03e00000, 0x06040000)
  from space 4352K,   4% used [0x06480000, 0x064b4000, 0x068c0000)
  to   space 4352K,   0% used [0x06040000, 0x06040000, 0x06480000)
 tenured generation   total 87424K, used 45406K [0x0e8a0000, 0x13e00000, 0x23e00000)
   the space 87424K,  51% used [0x0e8a0000, 0x114f7be8, 0x114f7c00, 0x13e00000)
 Metaspace       used 19221K, capacity 19797K, committed 19840K, reserved 19840K
}
Event: 14219.154 GC heap before
{Heap before GC invocations=458 (full 1):
 def new generation   total 39424K, used 35280K [0x03e00000, 0x068c0000, 0x0e8a0000)
  eden space 35072K, 100% used [0x03e00000, 0x06040000, 0x06040000)
  from space 4352K,   4% used [0x06480000, 0x064b4000, 0x068c0000)
  to   space 4352K,   0% used [0x06040000, 0x06040000, 0x06480000)
 tenured generation   total 87424K, used 45406K [0x0e8a0000, 0x13e00000, 0x23e00000)
   the space 87424K,  51% used [0x0e8a0000, 0x114f7be8, 0x114f7c00, 0x13e00000)
 Metaspace       used 19221K, capacity 19797K, committed 19840K, reserved 19840K
Event: 14219.158 GC heap after
Heap after GC invocations=459 (full 1):
 def new generation   total 39424K, used 208K [0x03e00000, 0x068c0000, 0x0e8a0000)
  eden space 35072K,   0% used [0x03e00000, 0x03e00000, 0x06040000)
  from space 4352K,   4% used [0x06040000, 0x06074350, 0x06480000)
  to   space 4352K,   0% used [0x06480000, 0x06480000, 0x068c0000)
 tenured generation   total 87424K, used 45408K [0x0e8a0000, 0x13e00000, 0x23e00000)
   the space 87424K,  51% used [0x0e8a0000, 0x114f83c8, 0x114f8400, 0x13e00000)
 Metaspace       used 19221K, capacity 19797K, committed 19840K, reserved 19840K
}

